{"level":"info","message":"Cache miss for __express__/api/appointments","timestamp":"2025-04-09T15:55:05.126Z"}
{"level":"info","message":"Fetching all appointments","timestamp":"2025-04-09T15:55:05.126Z"}
{"level":"info","message":"Cache hit for __express__/api/appointments","timestamp":"2025-04-09T15:55:07.235Z"}
{"level":"info","message":"Cache hit for __express__/api/appointments","timestamp":"2025-04-09T15:55:07.869Z"}
{"level":"info","message":"Cache hit for __express__/api/appointments","timestamp":"2025-04-09T15:55:08.375Z"}
{"level":"info","message":"Cache hit for __express__/api/appointments","timestamp":"2025-04-09T15:55:09.210Z"}
{"level":"info","message":"Cache hit for __express__/api/appointments","timestamp":"2025-04-09T15:55:38.275Z"}
{"level":"info","message":"Cache miss for __express__/api/appointments","timestamp":"2025-04-09T16:03:59.969Z"}
{"level":"info","message":"Fetching all appointments","timestamp":"2025-04-09T16:03:59.969Z"}
{"level":"info","message":"Cache hit for __express__/api/appointments","timestamp":"2025-04-09T16:04:05.910Z"}
{"level":"info","message":"Cache hit for __express__/api/appointments","timestamp":"2025-04-09T16:04:07.132Z"}
{"level":"info","message":"Cache miss for __express__/api/appointments","timestamp":"2025-04-09T16:06:35.959Z"}
{"level":"info","message":"Fetching all appointments","timestamp":"2025-04-09T16:06:35.960Z"}
{"level":"info","message":"Cache hit for __express__/api/appointments","timestamp":"2025-04-09T16:06:37.379Z"}
{"level":"info","message":"Cache hit for __express__/api/appointments","timestamp":"2025-04-09T16:06:46.147Z"}
{"level":"info","message":"Cache hit for __express__/api/appointments","timestamp":"2025-04-09T16:06:48.259Z"}
{"level":"info","message":"Cache hit for __express__/api/appointments","timestamp":"2025-04-09T16:07:01.966Z"}
{"level":"info","message":"Cache miss for __express__/api/appointments","timestamp":"2025-04-09T16:07:54.734Z"}
{"level":"info","message":"Fetching all appointments","timestamp":"2025-04-09T16:07:54.735Z"}
{"level":"info","message":"Cache miss for __express__/api/appointments","timestamp":"2025-04-09T16:11:50.474Z"}
{"level":"info","message":"Fetching all appointments","timestamp":"2025-04-09T16:11:50.474Z"}
{"level":"info","message":"Cache hit for __express__/api/appointments","timestamp":"2025-04-09T16:12:01.124Z"}
{"level":"info","message":"Cache hit for __express__/api/appointments","timestamp":"2025-04-09T16:12:22.643Z"}
{"level":"info","message":"Cache hit for __express__/api/appointments","timestamp":"2025-04-09T16:13:17.405Z"}
{"level":"info","message":"Cache hit for __express__/api/appointments","timestamp":"2025-04-09T16:13:32.663Z"}
{"level":"info","message":"Cache miss for __express__/api/appointments","timestamp":"2025-04-09T16:15:53.565Z"}
{"level":"info","message":"Fetching all appointments","timestamp":"2025-04-09T16:15:53.565Z"}
{"level":"info","message":"Cache hit for __express__/api/appointments","timestamp":"2025-04-09T16:16:47.206Z"}
{"level":"info","message":"Cache hit for __express__/api/appointments","timestamp":"2025-04-09T16:17:26.695Z"}
{"level":"info","message":"Cache hit for __express__/api/appointments","timestamp":"2025-04-09T16:17:34.365Z"}
{"level":"info","message":"Cache miss for __express__/api/appointments","timestamp":"2025-04-09T16:24:29.679Z"}
{"level":"info","message":"Fetching all appointments","timestamp":"2025-04-09T16:24:29.680Z"}
{"level":"info","message":"Cache miss for __express__/api/appointments","timestamp":"2025-04-09T16:28:37.028Z"}
{"level":"info","message":"Fetching all appointments","timestamp":"2025-04-09T16:28:37.028Z"}
{"level":"info","message":"Cache miss for __express__/api/appointments?date=2025-04-09","timestamp":"2025-04-09T16:28:37.470Z"}
{"level":"info","message":"Fetching all appointments","timestamp":"2025-04-09T16:28:37.471Z"}
{"level":"info","message":"Cache hit for __express__/api/appointments?date=2025-04-09","timestamp":"2025-04-09T16:28:53.205Z"}
{"level":"info","message":"Cache miss for __express__/api/appointments?date=2025-04-16","timestamp":"2025-04-09T16:28:53.207Z"}
{"level":"info","message":"Fetching all appointments","timestamp":"2025-04-09T16:28:53.208Z"}
{"level":"info","message":"Cache hit for __express__/api/appointments?date=2025-04-09","timestamp":"2025-04-09T16:28:53.670Z"}
{"level":"info","message":"Cache miss for __express__/api/appointments","timestamp":"2025-04-09T16:39:59.491Z"}
{"level":"info","message":"Fetching all appointments","timestamp":"2025-04-09T16:39:59.491Z"}
{"level":"info","message":"Cache miss for __express__/api/appointments","timestamp":"2025-04-09T16:43:06.536Z"}
{"level":"info","message":"Fetching all appointments","timestamp":"2025-04-09T16:43:06.537Z"}
{"level":"info","message":"Cache miss for __express__/api/appointments","timestamp":"2025-04-09T16:47:01.824Z"}
{"level":"info","message":"Fetching all appointments","timestamp":"2025-04-09T16:47:01.824Z"}
{"level":"info","message":"Cache miss for __express__/api/appointments?date=2025-04-16","timestamp":"2025-04-09T16:47:20.118Z"}
{"level":"info","message":"Fetching all appointments","timestamp":"2025-04-09T16:47:20.119Z"}
{"level":"info","message":"Cache hit for __express__/api/appointments","timestamp":"2025-04-09T16:49:02.758Z"}
{"level":"info","message":"Cache hit for __express__/api/appointments","timestamp":"2025-04-09T16:51:12.485Z"}
{"level":"info","message":"Cache miss for __express__/api/appointments","timestamp":"2025-04-09T17:00:30.401Z"}
{"level":"info","message":"Fetching all appointments","timestamp":"2025-04-09T17:00:30.402Z"}
{"level":"info","message":"Cache hit for __express__/api/appointments","timestamp":"2025-04-09T17:02:05.686Z"}
{"level":"info","message":"Cache hit for __express__/api/appointments","timestamp":"2025-04-09T17:03:09.529Z"}
{"level":"info","message":"Cache miss for __express__/api/appointments","timestamp":"2025-04-09T17:06:42.952Z"}
{"level":"info","message":"Fetching all appointments","timestamp":"2025-04-09T17:06:42.952Z"}
{"level":"info","message":"Cache miss for __express__/api/appointments","timestamp":"2025-04-09T17:13:36.270Z"}
{"level":"info","message":"Fetching all appointments","timestamp":"2025-04-09T17:13:36.270Z"}
{"level":"info","message":"Cache hit for __express__/api/appointments","timestamp":"2025-04-09T17:16:27.372Z"}
{"level":"info","message":"Cache miss for __express__/api/appointments","timestamp":"2025-04-09T17:19:04.502Z"}
{"level":"info","message":"Fetching all appointments","timestamp":"2025-04-09T17:19:04.503Z"}
{"level":"info","message":"Cache hit for __express__/api/appointments","timestamp":"2025-04-09T17:20:49.787Z"}
{"level":"info","message":"Cache hit for __express__/api/appointments","timestamp":"2025-04-09T17:21:32.336Z"}
{"level":"info","message":"Cache miss for __express__/api/appointments","timestamp":"2025-04-09T17:23:50.862Z"}
{"level":"info","message":"Fetching all appointments","timestamp":"2025-04-09T17:23:50.863Z"}
{"level":"info","message":"Cache hit for __express__/api/appointments","timestamp":"2025-04-09T17:24:56.728Z"}
{"level":"info","message":"Cache hit for __express__/api/appointments","timestamp":"2025-04-09T17:25:42.636Z"}
{"level":"info","message":"Cache miss for __express__/api/appointments?status=pending","timestamp":"2025-04-09T17:26:01.024Z"}
{"level":"info","message":"Fetching all appointments","timestamp":"2025-04-09T17:26:01.024Z"}
{"level":"info","message":"Cache miss for __express__/api/appointments?status=confirmed","timestamp":"2025-04-09T17:26:01.095Z"}
{"level":"info","message":"Fetching all appointments","timestamp":"2025-04-09T17:26:01.095Z"}
{"level":"info","message":"Cache miss for __express__/api/appointments?","timestamp":"2025-04-09T17:26:03.309Z"}
{"level":"info","message":"Fetching all appointments","timestamp":"2025-04-09T17:26:03.310Z"}
{"level":"info","message":"Cache miss for __express__/api/appointments","timestamp":"2025-04-09T17:26:34.147Z"}
{"level":"info","message":"Fetching all appointments","timestamp":"2025-04-09T17:26:34.147Z"}
{"level":"info","message":"Cache hit for __express__/api/appointments","timestamp":"2025-04-09T17:30:20.720Z"}
{"level":"info","message":"Cache hit for __express__/api/appointments","timestamp":"2025-04-09T17:30:54.784Z"}
{"level":"info","message":"Cache miss for __express__/api/appointments","timestamp":"2025-04-09T17:31:46.195Z"}
{"level":"info","message":"Fetching all appointments","timestamp":"2025-04-09T17:31:46.196Z"}
{"level":"info","message":"Cache hit for __express__/api/appointments","timestamp":"2025-04-09T17:32:13.987Z"}
{"level":"info","message":"Cache miss for __express__/api/appointments?procedureId=67f3dfa281cd387ede7331a0","timestamp":"2025-04-09T17:39:29.562Z"}
{"level":"info","message":"Fetching all appointments","timestamp":"2025-04-09T17:39:29.562Z"}
{"level":"info","message":"Cache hit for __express__/api/appointments?procedureId=67f3dfa281cd387ede7331a0","timestamp":"2025-04-09T17:39:29.715Z"}
{"level":"info","message":"Cache miss for __express__/api/appointments?procedureId=67f3dfb181cd387ede7331a3","timestamp":"2025-04-09T17:41:43.036Z"}
{"level":"info","message":"Fetching all appointments","timestamp":"2025-04-09T17:41:43.036Z"}
{"level":"info","message":"Cache miss for __express__/api/appointments","timestamp":"2025-04-09T17:43:59.158Z"}
{"level":"info","message":"Fetching all appointments","timestamp":"2025-04-09T17:43:59.159Z"}
{"level":"info","message":"Cache miss for __express__/api/appointments","timestamp":"2025-04-09T17:49:45.520Z"}
{"level":"info","message":"Fetching all appointments","timestamp":"2025-04-09T17:49:45.520Z"}
{"level":"info","message":"Cache miss for __express__/api/appointments","timestamp":"2025-04-09T21:26:01.531Z"}
{"level":"info","message":"Fetching all appointments","timestamp":"2025-04-09T21:26:01.532Z"}
