{"level":"info","message":"Cache miss for __express__/api/clients/","timestamp":"2025-04-09T15:51:23.786Z"}
{"level":"info","message":"Fetching all clients","timestamp":"2025-04-09T15:51:23.787Z"}
{"level":"info","message":"Cache miss for __express__/api/clients/","timestamp":"2025-04-09T15:51:53.427Z"}
{"level":"info","message":"Fetching all clients","timestamp":"2025-04-09T15:51:53.428Z"}
{"level":"info","message":"Cache hit for __express__/api/clients/","timestamp":"2025-04-09T15:51:54.350Z"}
{"level":"info","message":"Cache miss for __express__/api/clients","timestamp":"2025-04-09T15:55:05.132Z"}
{"level":"info","message":"Fetching all clients","timestamp":"2025-04-09T15:55:05.132Z"}
{"level":"info","message":"Cache hit for __express__/api/clients","timestamp":"2025-04-09T15:55:07.237Z"}
{"level":"info","message":"Cache hit for __express__/api/clients","timestamp":"2025-04-09T15:55:07.871Z"}
{"level":"info","message":"Cache hit for __express__/api/clients","timestamp":"2025-04-09T15:55:08.376Z"}
{"level":"info","message":"Cache hit for __express__/api/clients","timestamp":"2025-04-09T15:55:09.211Z"}
{"level":"info","message":"Cache hit for __express__/api/clients","timestamp":"2025-04-09T15:55:38.275Z"}
{"level":"info","message":"Cache miss for __express__/api/clients","timestamp":"2025-04-09T16:03:59.975Z"}
{"level":"info","message":"Fetching all clients","timestamp":"2025-04-09T16:03:59.976Z"}
{"level":"info","message":"Cache hit for __express__/api/clients","timestamp":"2025-04-09T16:04:04.321Z"}
{"level":"info","message":"Cache hit for __express__/api/clients","timestamp":"2025-04-09T16:04:05.911Z"}
{"level":"info","message":"Cache hit for __express__/api/clients","timestamp":"2025-04-09T16:04:07.133Z"}
{"level":"info","message":"Cache miss for __express__/api/clients","timestamp":"2025-04-09T16:06:35.966Z"}
{"level":"info","message":"Fetching all clients","timestamp":"2025-04-09T16:06:35.966Z"}
{"level":"info","message":"Cache hit for __express__/api/clients","timestamp":"2025-04-09T16:06:37.380Z"}
{"level":"info","message":"Cache hit for __express__/api/clients","timestamp":"2025-04-09T16:06:46.148Z"}
{"level":"info","message":"Cache hit for __express__/api/clients","timestamp":"2025-04-09T16:06:48.260Z"}
{"level":"info","message":"Cache hit for __express__/api/clients","timestamp":"2025-04-09T16:07:01.967Z"}
{"level":"info","message":"Cache miss for __express__/api/clients","timestamp":"2025-04-09T16:07:54.741Z"}
{"level":"info","message":"Fetching all clients","timestamp":"2025-04-09T16:07:54.742Z"}
{"level":"info","message":"Cache miss for __express__/api/clients","timestamp":"2025-04-09T16:11:50.479Z"}
{"level":"info","message":"Fetching all clients","timestamp":"2025-04-09T16:11:50.480Z"}
{"level":"info","message":"Cache hit for __express__/api/clients","timestamp":"2025-04-09T16:12:01.126Z"}
{"level":"info","message":"Cache hit for __express__/api/clients","timestamp":"2025-04-09T16:12:13.360Z"}
{"level":"info","message":"Cache hit for __express__/api/clients","timestamp":"2025-04-09T16:12:22.644Z"}
{"level":"info","message":"Cache hit for __express__/api/clients","timestamp":"2025-04-09T16:13:17.406Z"}
{"level":"info","message":"Cache hit for __express__/api/clients","timestamp":"2025-04-09T16:13:21.986Z"}
{"level":"info","message":"Cache hit for __express__/api/clients","timestamp":"2025-04-09T16:13:32.665Z"}
{"level":"info","message":"Cache miss for __express__/api/clients","timestamp":"2025-04-09T16:15:53.572Z"}
{"level":"info","message":"Fetching all clients","timestamp":"2025-04-09T16:15:53.572Z"}
{"level":"info","message":"Cache hit for __express__/api/clients","timestamp":"2025-04-09T16:16:12.266Z"}
{"level":"info","message":"Cache hit for __express__/api/clients","timestamp":"2025-04-09T16:16:47.207Z"}
{"level":"info","message":"Cache hit for __express__/api/clients","timestamp":"2025-04-09T16:16:51.471Z"}
{"data":{"instagram":"@lala","name":"test","phoneNum":"+1","surName":"test","trustRating":5},"level":"info","message":"Creating new client","timestamp":"2025-04-09T16:17:09.588Z"}
{"level":"info","message":"Cache miss for __express__/api/clients","timestamp":"2025-04-09T16:17:09.674Z"}
{"level":"info","message":"Fetching all clients","timestamp":"2025-04-09T16:17:09.674Z"}
{"level":"info","message":"Cache miss for __express__/api/clients?search=tes","timestamp":"2025-04-09T16:17:13.832Z"}
{"level":"info","message":"Fetching all clients","timestamp":"2025-04-09T16:17:13.833Z"}
{"level":"info","message":"Cache hit for __express__/api/clients","timestamp":"2025-04-09T16:17:26.697Z"}
{"level":"info","message":"Cache hit for __express__/api/clients","timestamp":"2025-04-09T16:17:28.630Z"}
{"level":"info","message":"Cache hit for __express__/api/clients?search=tes","timestamp":"2025-04-09T16:17:30.776Z"}
{"level":"info","message":"Deleting client with id: 67f69d8506de021b43ab51ae","timestamp":"2025-04-09T16:17:32.682Z"}
{"level":"info","message":"Cache miss for __express__/api/clients","timestamp":"2025-04-09T16:17:32.761Z"}
{"level":"info","message":"Fetching all clients","timestamp":"2025-04-09T16:17:32.761Z"}
{"level":"info","message":"Cache hit for __express__/api/clients","timestamp":"2025-04-09T16:17:34.371Z"}
{"level":"info","message":"Cache miss for __express__/api/clients","timestamp":"2025-04-09T16:24:29.685Z"}
{"level":"info","message":"Fetching all clients","timestamp":"2025-04-09T16:24:29.685Z"}
{"level":"info","message":"Cache miss for __express__/api/clients","timestamp":"2025-04-09T16:28:37.032Z"}
{"level":"info","message":"Fetching all clients","timestamp":"2025-04-09T16:28:37.032Z"}
{"level":"info","message":"Cache miss for __express__/api/clients","timestamp":"2025-04-09T16:43:06.543Z"}
{"level":"info","message":"Fetching all clients","timestamp":"2025-04-09T16:43:06.544Z"}
{"level":"info","message":"Cache miss for __express__/api/clients","timestamp":"2025-04-09T16:47:01.831Z"}
{"level":"info","message":"Fetching all clients","timestamp":"2025-04-09T16:47:01.832Z"}
{"level":"info","message":"Cache hit for __express__/api/clients","timestamp":"2025-04-09T16:49:02.759Z"}
{"level":"info","message":"Cache hit for __express__/api/clients","timestamp":"2025-04-09T16:51:01.214Z"}
{"level":"info","message":"Cache hit for __express__/api/clients","timestamp":"2025-04-09T16:51:08.607Z"}
{"level":"info","message":"Cache hit for __express__/api/clients","timestamp":"2025-04-09T16:51:12.483Z"}
{"level":"info","message":"Cache miss for __express__/api/clients","timestamp":"2025-04-09T17:00:30.408Z"}
{"level":"info","message":"Fetching all clients","timestamp":"2025-04-09T17:00:30.408Z"}
{"level":"info","message":"Cache hit for __express__/api/clients","timestamp":"2025-04-09T17:02:05.691Z"}
{"level":"info","message":"Cache hit for __express__/api/clients","timestamp":"2025-04-09T17:03:09.531Z"}
{"level":"info","message":"Cache miss for __express__/api/clients","timestamp":"2025-04-09T17:06:42.954Z"}
{"level":"info","message":"Fetching all clients","timestamp":"2025-04-09T17:06:42.954Z"}
{"level":"info","message":"Cache miss for __express__/api/clients","timestamp":"2025-04-09T17:13:36.281Z"}
{"level":"info","message":"Fetching all clients","timestamp":"2025-04-09T17:13:36.281Z"}
{"level":"info","message":"Cache hit for __express__/api/clients","timestamp":"2025-04-09T17:16:27.375Z"}
{"level":"info","message":"Cache miss for __express__/api/clients","timestamp":"2025-04-09T17:19:04.509Z"}
{"level":"info","message":"Fetching all clients","timestamp":"2025-04-09T17:19:04.510Z"}
{"level":"info","message":"Cache hit for __express__/api/clients","timestamp":"2025-04-09T17:20:49.792Z"}
{"level":"info","message":"Cache hit for __express__/api/clients","timestamp":"2025-04-09T17:21:32.338Z"}
{"level":"info","message":"Cache miss for __express__/api/clients","timestamp":"2025-04-09T17:23:50.871Z"}
{"level":"info","message":"Fetching all clients","timestamp":"2025-04-09T17:23:50.872Z"}
{"level":"info","message":"Cache hit for __express__/api/clients","timestamp":"2025-04-09T17:23:57.116Z"}
{"level":"info","message":"Cache hit for __express__/api/clients","timestamp":"2025-04-09T17:24:12.943Z"}
{"level":"info","message":"Cache hit for __express__/api/clients","timestamp":"2025-04-09T17:24:56.729Z"}
{"level":"info","message":"Cache hit for __express__/api/clients","timestamp":"2025-04-09T17:25:42.637Z"}
{"level":"info","message":"Cache miss for __express__/api/clients","timestamp":"2025-04-09T17:26:34.154Z"}
{"level":"info","message":"Fetching all clients","timestamp":"2025-04-09T17:26:34.155Z"}
{"level":"info","message":"Cache hit for __express__/api/clients","timestamp":"2025-04-09T17:30:20.722Z"}
{"level":"info","message":"Cache hit for __express__/api/clients","timestamp":"2025-04-09T17:30:54.786Z"}
{"level":"info","message":"Cache miss for __express__/api/clients","timestamp":"2025-04-09T17:31:46.202Z"}
{"level":"info","message":"Fetching all clients","timestamp":"2025-04-09T17:31:46.203Z"}
{"level":"info","message":"Cache hit for __express__/api/clients","timestamp":"2025-04-09T17:32:12.495Z"}
{"level":"info","message":"Cache hit for __express__/api/clients","timestamp":"2025-04-09T17:32:13.989Z"}
{"level":"info","message":"Cache miss for __express__/api/clients","timestamp":"2025-04-09T17:39:01.385Z"}
{"level":"info","message":"Fetching all clients","timestamp":"2025-04-09T17:39:01.386Z"}
{"level":"info","message":"Cache hit for __express__/api/clients","timestamp":"2025-04-09T17:43:59.152Z"}
{"level":"info","message":"Cache miss for __express__/api/clients","timestamp":"2025-04-09T17:49:45.522Z"}
{"level":"info","message":"Fetching all clients","timestamp":"2025-04-09T17:49:45.522Z"}
{"level":"info","message":"Cache miss for __express__/api/clients","timestamp":"2025-04-09T21:26:01.541Z"}
{"level":"info","message":"Fetching all clients","timestamp":"2025-04-09T21:26:01.541Z"}
