{"level":"info","message":"Cache miss for __express__/api/procedures","timestamp":"2025-04-09T15:55:05.135Z"}
{"level":"info","message":"Fetching all procedures","timestamp":"2025-04-09T15:55:05.135Z"}
{"level":"info","message":"Cache hit for __express__/api/procedures","timestamp":"2025-04-09T15:55:07.238Z"}
{"level":"info","message":"Cache hit for __express__/api/procedures","timestamp":"2025-04-09T15:55:07.872Z"}
{"level":"info","message":"Cache hit for __express__/api/procedures","timestamp":"2025-04-09T15:55:08.379Z"}
{"level":"info","message":"Cache hit for __express__/api/procedures","timestamp":"2025-04-09T15:55:09.211Z"}
{"level":"info","message":"Cache hit for __express__/api/procedures","timestamp":"2025-04-09T15:55:38.276Z"}
{"level":"info","message":"Cache miss for __express__/api/procedures","timestamp":"2025-04-09T16:03:59.978Z"}
{"level":"info","message":"Fetching all procedures","timestamp":"2025-04-09T16:03:59.978Z"}
{"level":"info","message":"Cache hit for __express__/api/procedures","timestamp":"2025-04-09T16:04:05.137Z"}
{"level":"info","message":"Cache hit for __express__/api/procedures","timestamp":"2025-04-09T16:04:05.911Z"}
{"level":"info","message":"Cache hit for __express__/api/procedures","timestamp":"2025-04-09T16:04:07.134Z"}
{"level":"info","message":"Cache miss for __express__/api/procedures","timestamp":"2025-04-09T16:06:35.968Z"}
{"level":"info","message":"Fetching all procedures","timestamp":"2025-04-09T16:06:35.968Z"}
{"level":"info","message":"Cache hit for __express__/api/procedures","timestamp":"2025-04-09T16:06:37.381Z"}
{"level":"info","message":"Cache hit for __express__/api/procedures","timestamp":"2025-04-09T16:06:46.149Z"}
{"level":"info","message":"Cache hit for __express__/api/procedures","timestamp":"2025-04-09T16:06:48.261Z"}
{"level":"info","message":"Cache hit for __express__/api/procedures","timestamp":"2025-04-09T16:07:01.968Z"}
{"level":"info","message":"Cache miss for __express__/api/procedures","timestamp":"2025-04-09T16:07:54.757Z"}
{"level":"info","message":"Fetching all procedures","timestamp":"2025-04-09T16:07:54.757Z"}
{"level":"info","message":"Cache miss for __express__/api/procedures","timestamp":"2025-04-09T16:11:50.483Z"}
{"level":"info","message":"Fetching all procedures","timestamp":"2025-04-09T16:11:50.483Z"}
{"level":"info","message":"Cache hit for __express__/api/procedures","timestamp":"2025-04-09T16:12:01.128Z"}
{"level":"info","message":"Cache hit for __express__/api/procedures","timestamp":"2025-04-09T16:12:15.060Z"}
{"level":"info","message":"Cache hit for __express__/api/procedures","timestamp":"2025-04-09T16:12:22.645Z"}
{"level":"info","message":"Cache hit for __express__/api/procedures","timestamp":"2025-04-09T16:13:17.407Z"}
{"level":"info","message":"Cache hit for __express__/api/procedures","timestamp":"2025-04-09T16:13:30.294Z"}
{"level":"info","message":"Cache hit for __express__/api/procedures","timestamp":"2025-04-09T16:13:32.669Z"}
{"level":"info","message":"Cache miss for __express__/api/procedures","timestamp":"2025-04-09T16:15:53.575Z"}
{"level":"info","message":"Fetching all procedures","timestamp":"2025-04-09T16:15:53.575Z"}
{"level":"info","message":"Cache hit for __express__/api/procedures","timestamp":"2025-04-09T16:16:29.007Z"}
{"level":"info","message":"Cache hit for __express__/api/procedures","timestamp":"2025-04-09T16:16:47.209Z"}
{"level":"info","message":"Cache hit for __express__/api/procedures","timestamp":"2025-04-09T16:17:26.700Z"}
{"level":"info","message":"Cache hit for __express__/api/procedures","timestamp":"2025-04-09T16:17:34.372Z"}
{"level":"info","message":"Cache miss for __express__/api/procedures","timestamp":"2025-04-09T16:24:29.688Z"}
{"level":"info","message":"Fetching all procedures","timestamp":"2025-04-09T16:24:29.688Z"}
{"level":"info","message":"Cache miss for __express__/api/procedures","timestamp":"2025-04-09T16:28:37.030Z"}
{"level":"info","message":"Fetching all procedures","timestamp":"2025-04-09T16:28:37.030Z"}
{"level":"info","message":"Cache miss for __express__/api/procedures","timestamp":"2025-04-09T16:43:06.545Z"}
{"level":"info","message":"Fetching all procedures","timestamp":"2025-04-09T16:43:06.546Z"}
{"level":"info","message":"Cache miss for __express__/api/procedures","timestamp":"2025-04-09T16:47:01.833Z"}
{"level":"info","message":"Fetching all procedures","timestamp":"2025-04-09T16:47:01.834Z"}
{"level":"info","message":"Cache hit for __express__/api/procedures","timestamp":"2025-04-09T16:49:02.762Z"}
{"level":"info","message":"Cache hit for __express__/api/procedures","timestamp":"2025-04-09T16:50:56.505Z"}
{"level":"info","message":"Cache hit for __express__/api/procedures","timestamp":"2025-04-09T16:51:04.749Z"}
{"level":"info","message":"Cache hit for __express__/api/procedures","timestamp":"2025-04-09T16:51:12.484Z"}
{"level":"info","message":"Cache miss for __express__/api/procedures","timestamp":"2025-04-09T17:00:30.410Z"}
{"level":"info","message":"Fetching all procedures","timestamp":"2025-04-09T17:00:30.410Z"}
{"level":"info","message":"Cache hit for __express__/api/procedures","timestamp":"2025-04-09T17:02:05.685Z"}
{"level":"info","message":"Cache hit for __express__/api/procedures","timestamp":"2025-04-09T17:03:09.532Z"}
{"level":"info","message":"Cache miss for __express__/api/procedures","timestamp":"2025-04-09T17:06:42.949Z"}
{"level":"info","message":"Fetching all procedures","timestamp":"2025-04-09T17:06:42.949Z"}
{"level":"info","message":"Cache miss for __express__/api/procedures","timestamp":"2025-04-09T17:13:36.277Z"}
{"level":"info","message":"Fetching all procedures","timestamp":"2025-04-09T17:13:36.278Z"}
{"level":"info","message":"Cache hit for __express__/api/procedures","timestamp":"2025-04-09T17:16:27.377Z"}
{"level":"info","message":"Cache miss for __express__/api/procedures","timestamp":"2025-04-09T17:19:04.513Z"}
{"level":"info","message":"Fetching all procedures","timestamp":"2025-04-09T17:19:04.514Z"}
{"level":"info","message":"Cache hit for __express__/api/procedures","timestamp":"2025-04-09T17:20:49.796Z"}
{"level":"info","message":"Cache hit for __express__/api/procedures","timestamp":"2025-04-09T17:21:32.340Z"}
{"level":"info","message":"Cache miss for __express__/api/procedures","timestamp":"2025-04-09T17:23:50.875Z"}
{"level":"info","message":"Fetching all procedures","timestamp":"2025-04-09T17:23:50.876Z"}
{"level":"info","message":"Cache hit for __express__/api/procedures","timestamp":"2025-04-09T17:24:11.155Z"}
{"level":"info","message":"Cache hit for __express__/api/procedures","timestamp":"2025-04-09T17:24:56.731Z"}
{"level":"info","message":"Cache hit for __express__/api/procedures","timestamp":"2025-04-09T17:25:42.639Z"}
{"level":"info","message":"Cache miss for __express__/api/procedures","timestamp":"2025-04-09T17:26:34.160Z"}
{"level":"info","message":"Fetching all procedures","timestamp":"2025-04-09T17:26:34.160Z"}
{"level":"info","message":"Cache hit for __express__/api/procedures","timestamp":"2025-04-09T17:30:20.724Z"}
{"level":"info","message":"Cache hit for __express__/api/procedures","timestamp":"2025-04-09T17:30:54.788Z"}
{"level":"info","message":"Cache miss for __express__/api/procedures","timestamp":"2025-04-09T17:31:46.206Z"}
{"level":"info","message":"Fetching all procedures","timestamp":"2025-04-09T17:31:46.206Z"}
{"level":"info","message":"Cache hit for __express__/api/procedures","timestamp":"2025-04-09T17:32:13.990Z"}
{"level":"info","message":"Cache miss for __express__/api/procedures","timestamp":"2025-04-09T17:39:19.066Z"}
{"level":"info","message":"Fetching all procedures","timestamp":"2025-04-09T17:39:19.066Z"}
{"level":"info","message":"Cache miss for __express__/api/procedures/67f3dfa281cd387ede7331a0","timestamp":"2025-04-09T17:39:29.565Z"}
{"level":"info","message":"Fetching procedure with id: 67f3dfa281cd387ede7331a0","timestamp":"2025-04-09T17:39:29.565Z"}
{"level":"info","message":"Cache hit for __express__/api/procedures/67f3dfa281cd387ede7331a0","timestamp":"2025-04-09T17:39:29.641Z"}
{"level":"info","message":"Cache miss for __express__/api/procedures/67f3dfb181cd387ede7331a3","timestamp":"2025-04-09T17:41:43.033Z"}
{"level":"info","message":"Fetching procedure with id: 67f3dfb181cd387ede7331a3","timestamp":"2025-04-09T17:41:43.034Z"}
{"level":"info","message":"Cache hit for __express__/api/procedures/67f3dfb181cd387ede7331a3","timestamp":"2025-04-09T17:43:00.501Z"}
{"level":"info","message":"Cache hit for __express__/api/procedures/67f3dfb181cd387ede7331a3","timestamp":"2025-04-09T17:43:04.603Z"}
{"level":"info","message":"Cache hit for __express__/api/procedures","timestamp":"2025-04-09T17:43:59.153Z"}
{"level":"info","message":"Cache miss for __express__/api/procedures","timestamp":"2025-04-09T17:49:45.525Z"}
{"level":"info","message":"Fetching all procedures","timestamp":"2025-04-09T17:49:45.525Z"}
{"level":"info","message":"Cache miss for __express__/api/procedures","timestamp":"2025-04-09T21:26:01.539Z"}
{"level":"info","message":"Fetching all procedures","timestamp":"2025-04-09T21:26:01.539Z"}
{"level":"info","message":"Cache miss for __express__/api/procedures","timestamp":"2025-04-10T09:19:31.411Z"}
{"level":"info","message":"Fetching all procedures","timestamp":"2025-04-10T09:19:31.411Z"}
{"level":"info","message":"Cache hit for __express__/api/procedures","timestamp":"2025-04-10T09:19:36.523Z"}
{"level":"info","message":"Cache hit for __express__/api/procedures","timestamp":"2025-04-10T09:19:36.528Z"}
{"level":"info","message":"Cache hit for __express__/api/procedures","timestamp":"2025-04-10T09:19:39.290Z"}
{"level":"info","message":"Cache hit for __express__/api/procedures","timestamp":"2025-04-10T09:19:39.301Z"}
{"level":"info","message":"Cache miss for __express__/api/procedures","timestamp":"2025-04-10T09:41:43.993Z"}
{"level":"info","message":"Fetching all procedures","timestamp":"2025-04-10T09:41:43.994Z"}
{"level":"info","message":"Cache hit for __express__/api/procedures","timestamp":"2025-04-10T09:41:49.198Z"}
{"level":"info","message":"Cache hit for __express__/api/procedures","timestamp":"2025-04-10T09:41:49.201Z"}
{"level":"info","message":"Cache hit for __express__/api/procedures","timestamp":"2025-04-10T09:42:05.813Z"}
{"level":"info","message":"Cache hit for __express__/api/procedures","timestamp":"2025-04-10T09:42:05.821Z"}
{"level":"info","message":"Cache hit for __express__/api/procedures","timestamp":"2025-04-10T09:42:05.844Z"}
{"level":"info","message":"Cache hit for __express__/api/procedures","timestamp":"2025-04-10T09:42:05.869Z"}
{"level":"info","message":"Cache hit for __express__/api/procedures","timestamp":"2025-04-10T09:42:05.891Z"}
{"level":"info","message":"Cache hit for __express__/api/procedures","timestamp":"2025-04-10T09:42:05.933Z"}
{"level":"info","message":"Cache miss for __express__/api/procedures","timestamp":"2025-04-10T09:45:15.631Z"}
{"level":"info","message":"Fetching all procedures","timestamp":"2025-04-10T09:45:15.632Z"}
{"level":"info","message":"Cache hit for __express__/api/procedures","timestamp":"2025-04-10T09:45:29.513Z"}
{"level":"info","message":"Cache hit for __express__/api/procedures","timestamp":"2025-04-10T09:45:29.520Z"}
{"level":"info","message":"Cache hit for __express__/api/procedures","timestamp":"2025-04-10T09:45:33.156Z"}
{"level":"info","message":"Cache hit for __express__/api/procedures","timestamp":"2025-04-10T09:45:33.168Z"}
{"level":"info","message":"Cache hit for __express__/api/procedures","timestamp":"2025-04-10T09:45:44.945Z"}
{"level":"info","message":"Cache hit for __express__/api/procedures","timestamp":"2025-04-10T09:45:44.955Z"}
{"level":"info","message":"Cache hit for __express__/api/procedures","timestamp":"2025-04-10T09:45:44.964Z"}
{"level":"info","message":"Cache hit for __express__/api/procedures","timestamp":"2025-04-10T09:45:44.980Z"}
{"level":"info","message":"Cache hit for __express__/api/procedures","timestamp":"2025-04-10T09:45:46.909Z"}
{"level":"info","message":"Cache hit for __express__/api/procedures","timestamp":"2025-04-10T09:45:46.915Z"}
{"level":"info","message":"Cache hit for __express__/api/procedures","timestamp":"2025-04-10T09:46:11.871Z"}
{"level":"info","message":"Cache hit for __express__/api/procedures","timestamp":"2025-04-10T09:46:11.874Z"}
{"level":"info","message":"Cache miss for __express__/api/procedures","timestamp":"2025-04-10T10:04:59.594Z"}
{"level":"info","message":"Fetching all procedures","timestamp":"2025-04-10T10:04:59.594Z"}
{"level":"info","message":"Cache hit for __express__/api/procedures","timestamp":"2025-04-10T10:05:39.646Z"}
{"level":"info","message":"Cache hit for __express__/api/procedures","timestamp":"2025-04-10T10:05:39.655Z"}
{"level":"info","message":"Cache miss for __express__/api/procedures","timestamp":"2025-04-10T10:28:48.298Z"}
{"level":"info","message":"Fetching all procedures","timestamp":"2025-04-10T10:28:48.299Z"}
{"level":"info","message":"Cache hit for __express__/api/procedures","timestamp":"2025-04-10T10:29:09.772Z"}
{"level":"info","message":"Cache hit for __express__/api/procedures","timestamp":"2025-04-10T10:29:09.775Z"}
{"level":"info","message":"Cache hit for __express__/api/procedures","timestamp":"2025-04-10T10:29:13.888Z"}
{"level":"info","message":"Cache hit for __express__/api/procedures","timestamp":"2025-04-10T10:29:13.897Z"}
{"level":"info","message":"Cache hit for __express__/api/procedures","timestamp":"2025-04-10T10:29:21.501Z"}
{"level":"info","message":"Cache hit for __express__/api/procedures","timestamp":"2025-04-10T10:29:21.561Z"}
{"level":"info","message":"Cache hit for __express__/api/procedures","timestamp":"2025-04-10T10:29:23.011Z"}
{"level":"info","message":"Cache hit for __express__/api/procedures","timestamp":"2025-04-10T10:29:51.984Z"}
{"level":"info","message":"Cache hit for __express__/api/procedures","timestamp":"2025-04-10T10:30:10.589Z"}
{"level":"info","message":"Cache hit for __express__/api/procedures","timestamp":"2025-04-10T10:30:10.596Z"}
{"level":"info","message":"Cache miss for __express__/api/procedures","timestamp":"2025-04-10T11:11:38.670Z"}
{"level":"info","message":"Fetching all procedures","timestamp":"2025-04-10T11:11:38.671Z"}
{"level":"info","message":"Cache miss for __express__/api/procedures","timestamp":"2025-04-10T11:21:06.854Z"}
{"level":"info","message":"Fetching all procedures","timestamp":"2025-04-10T11:21:06.854Z"}
{"level":"info","message":"Cache miss for __express__/api/procedures","timestamp":"2025-04-10T11:41:47.436Z"}
{"level":"info","message":"Fetching all procedures","timestamp":"2025-04-10T11:41:47.436Z"}
{"level":"info","message":"Cache miss for __express__/api/procedures","timestamp":"2025-04-10T11:41:58.060Z"}
{"level":"info","message":"Fetching all procedures","timestamp":"2025-04-10T11:41:58.061Z"}
{"level":"info","message":"Cache miss for __express__/api/procedures","timestamp":"2025-04-10T11:46:41.007Z"}
{"level":"info","message":"Fetching all procedures","timestamp":"2025-04-10T11:46:41.007Z"}
{"level":"info","message":"Cache miss for __express__/api/procedures","timestamp":"2025-04-10T14:08:14.277Z"}
{"level":"info","message":"Fetching all procedures","timestamp":"2025-04-10T14:08:14.277Z"}
{"level":"info","message":"Cache miss for __express__/api/procedures","timestamp":"2025-04-10T14:20:17.755Z"}
{"level":"info","message":"Fetching all procedures","timestamp":"2025-04-10T14:20:17.755Z"}
{"level":"info","message":"Cache hit for __express__/api/procedures","timestamp":"2025-04-10T14:20:21.457Z"}
{"level":"info","message":"Cache hit for __express__/api/procedures","timestamp":"2025-04-10T14:20:21.461Z"}
{"level":"info","message":"Cache hit for __express__/api/procedures","timestamp":"2025-04-10T14:20:23.289Z"}
{"level":"info","message":"Cache hit for __express__/api/procedures","timestamp":"2025-04-10T14:20:23.296Z"}
{"level":"info","message":"Cache miss for __express__/api/procedures","timestamp":"2025-04-10T18:22:05.660Z"}
{"level":"info","message":"Fetching all procedures","timestamp":"2025-04-10T18:22:05.661Z"}
{"level":"info","message":"Cache hit for __express__/api/procedures","timestamp":"2025-04-10T18:22:12.052Z"}
{"level":"info","message":"Cache miss for __express__/api/procedures","timestamp":"2025-04-10T18:25:30.888Z"}
{"level":"info","message":"Fetching all procedures","timestamp":"2025-04-10T18:25:30.888Z"}
{"level":"info","message":"Cache hit for __express__/api/procedures","timestamp":"2025-04-10T18:25:34.892Z"}
{"level":"info","message":"Cache hit for __express__/api/procedures","timestamp":"2025-04-10T18:25:35.091Z"}
{"level":"info","message":"Cache hit for __express__/api/procedures","timestamp":"2025-04-10T18:25:53.225Z"}
{"level":"info","message":"Cache hit for __express__/api/procedures","timestamp":"2025-04-10T18:25:53.431Z"}
{"level":"info","message":"Cache miss for __express__/api/procedures","timestamp":"2025-04-10T18:28:00.989Z"}
{"level":"info","message":"Fetching all procedures","timestamp":"2025-04-10T18:28:00.990Z"}
{"level":"info","message":"Cache miss for __express__/api/procedures","timestamp":"2025-04-10T18:35:20.915Z"}
{"level":"info","message":"Fetching all procedures","timestamp":"2025-04-10T18:35:20.915Z"}
{"level":"info","message":"Cache hit for __express__/api/procedures","timestamp":"2025-04-10T18:35:39.897Z"}
{"level":"info","message":"Cache miss for __express__/api/procedures","timestamp":"2025-04-10T18:44:18.287Z"}
{"level":"info","message":"Fetching all procedures","timestamp":"2025-04-10T18:44:18.288Z"}
{"level":"info","message":"Cache miss for __express__/api/procedures","timestamp":"2025-04-10T18:56:53.870Z"}
{"level":"info","message":"Fetching all procedures","timestamp":"2025-04-10T18:56:53.871Z"}
{"level":"info","message":"Cache miss for __express__/api/procedures","timestamp":"2025-04-10T19:00:47.030Z"}
{"level":"info","message":"Fetching all procedures","timestamp":"2025-04-10T19:00:47.031Z"}
{"level":"info","message":"Cache miss for __express__/api/procedures","timestamp":"2025-04-10T19:05:12.787Z"}
{"level":"info","message":"Fetching all procedures","timestamp":"2025-04-10T19:05:12.788Z"}
{"level":"info","message":"Cache miss for __express__/api/procedures","timestamp":"2025-04-10T19:11:06.112Z"}
{"level":"info","message":"Fetching all procedures","timestamp":"2025-04-10T19:11:06.113Z"}
{"level":"info","message":"Cache miss for __express__/api/procedures","timestamp":"2025-04-10T19:19:32.386Z"}
{"level":"info","message":"Fetching all procedures","timestamp":"2025-04-10T19:19:32.387Z"}
{"level":"info","message":"Cache miss for __express__/api/procedures","timestamp":"2025-04-10T19:27:40.020Z"}
{"level":"info","message":"Fetching all procedures","timestamp":"2025-04-10T19:27:40.021Z"}
{"level":"info","message":"Cache miss for __express__/api/procedures","timestamp":"2025-04-10T19:32:26.137Z"}
{"level":"info","message":"Fetching all procedures","timestamp":"2025-04-10T19:32:26.138Z"}
{"level":"info","message":"Cache miss for __express__/api/procedures","timestamp":"2025-04-10T19:37:17.582Z"}
{"level":"info","message":"Fetching all procedures","timestamp":"2025-04-10T19:37:17.583Z"}
{"level":"info","message":"Cache miss for __express__/api/procedures","timestamp":"2025-04-10T19:59:32.728Z"}
{"level":"info","message":"Fetching all procedures","timestamp":"2025-04-10T19:59:32.731Z"}
{"level":"info","message":"Cache miss for __express__/api/procedures","timestamp":"2025-04-10T20:00:17.804Z"}
{"level":"info","message":"Fetching all procedures","timestamp":"2025-04-10T20:00:17.804Z"}
{"level":"info","message":"Cache miss for __express__/api/procedures","timestamp":"2025-04-10T20:00:50.372Z"}
{"level":"info","message":"Fetching all procedures","timestamp":"2025-04-10T20:00:50.373Z"}
{"level":"info","message":"Cache miss for __express__/api/procedures","timestamp":"2025-04-10T20:04:19.993Z"}
{"level":"info","message":"Fetching all procedures","timestamp":"2025-04-10T20:04:19.994Z"}
{"level":"info","message":"Cache miss for __express__/api/procedures","timestamp":"2025-04-10T20:05:10.601Z"}
{"level":"info","message":"Fetching all procedures","timestamp":"2025-04-10T20:05:10.602Z"}
{"level":"info","message":"Cache miss for __express__/api/procedures","timestamp":"2025-04-10T20:12:18.821Z"}
{"level":"info","message":"Fetching all procedures","timestamp":"2025-04-10T20:12:18.822Z"}
{"level":"info","message":"Cache miss for __express__/api/procedures","timestamp":"2025-04-10T22:07:17.664Z"}
{"level":"info","message":"Fetching all procedures","timestamp":"2025-04-10T22:07:17.665Z"}
{"level":"info","message":"Cache miss for __express__/api/procedures","timestamp":"2025-04-10T22:12:37.430Z"}
{"level":"info","message":"Fetching all procedures","timestamp":"2025-04-10T22:12:37.430Z"}
